[debug] [2023-05-16T01:34:58.939Z] ----------------------------------------------------------------------
[debug] [2023-05-16T01:34:58.943Z] Command:       /Users/w.martinez/.nvm/versions/node/v18.16.0/bin/node /Users/w.martinez/.nvm/versions/node/v18.16.0/bin/firebase init
[debug] [2023-05-16T01:34:58.943Z] CLI Version:   12.0.0
[debug] [2023-05-16T01:34:58.943Z] Platform:      darwin
[debug] [2023-05-16T01:34:58.944Z] Node Version:  v18.16.0
[debug] [2023-05-16T01:34:58.945Z] Time:          Mon May 15 2023 19:34:58 GMT-0600 (Central Standard Time)
[debug] [2023-05-16T01:34:58.946Z] ----------------------------------------------------------------------
[debug] 
[debug] [2023-05-16T01:34:58.956Z] > command requires scopes: ["email","openid","https://www.googleapis.com/auth/cloudplatformprojects.readonly","https://www.googleapis.com/auth/firebase","https://www.googleapis.com/auth/cloud-platform"]
[info] 
     ######## #### ########  ######## ########     ###     ######  ########
     ##        ##  ##     ## ##       ##     ##  ##   ##  ##       ##
     ######    ##  ########  ######   ########  #########  ######  ######
     ##        ##  ##    ##  ##       ##     ## ##     ##       ## ##
     ##       #### ##     ## ######## ########  ##     ##  ######  ########

You're about to initialize a Firebase project in this directory:

  /Users/w.martinez/test-projects/darkflow

[info] 
=== Project Setup
[info] 
[info] First, let's associate this project directory with a Firebase project.
[info] You can create multiple project aliases by running firebase use --add, 
[info] but for now we'll just set up a default project.
[info] 
[debug] [2023-05-16T01:35:32.692Z] >>> [apiv2][query] GET https://firebase.googleapis.com/v1beta1/projects pageSize=100
[debug] [2023-05-16T01:35:33.098Z] <<< [apiv2][status] GET https://firebase.googleapis.com/v1beta1/projects 403
[debug] [2023-05-16T01:35:33.099Z] <<< [apiv2][body] GET https://firebase.googleapis.com/v1beta1/projects [omitted]
[debug] [2023-05-16T01:35:33.099Z] HTTP Error: 403, Your application has authenticated using end user credentials from the Google Cloud SDK or Google Cloud Shell which are not supported by the firebase.googleapis.com. We recommend configuring the billing/quota_project setting in gcloud or using a service account through the auth/impersonate_service_account setting. For more information about service accounts and how to use them in your application, see https://cloud.google.com/docs/authentication/. If you are getting this error with curl or similar tools, you may need to specify 'X-Goog-User-Project' HTTP header for quota and billing purposes. For more information regarding 'X-Goog-User-Project' header, please check https://cloud.google.com/apis/docs/system-parameters.
[debug] [2023-05-16T01:35:33.103Z] FirebaseError: HTTP Error: 403, Your application has authenticated using end user credentials from the Google Cloud SDK or Google Cloud Shell which are not supported by the firebase.googleapis.com. We recommend configuring the billing/quota_project setting in gcloud or using a service account through the auth/impersonate_service_account setting. For more information about service accounts and how to use them in your application, see https://cloud.google.com/docs/authentication/. If you are getting this error with curl or similar tools, you may need to specify 'X-Goog-User-Project' HTTP header for quota and billing purposes. For more information regarding 'X-Goog-User-Project' header, please check https://cloud.google.com/apis/docs/system-parameters.
    at responseToError (/Users/w.martinez/.nvm/versions/node/v18.16.0/lib/node_modules/firebase-tools/lib/responseToError.js:49:12)
    at RetryOperation._fn (/Users/w.martinez/.nvm/versions/node/v18.16.0/lib/node_modules/firebase-tools/lib/apiv2.js:288:77)
    at process.processTicksAndRejections (node:internal/process/task_queues:95:5)
[error] 
[error] Error: Failed to list Firebase projects. See firebase-debug.log for more info.
